<?xml version="1.0" encoding="UTF-8"?>
<!-- Generated by org.testng.reporters.JUnitReportReporter -->
<testsuite hostname="DESKTOP-AT2VVSP" failures="0" tests="2" name="com.qa.testcase.ChangeTest" time="33.858" errors="0" timestamp="2026-02-11T23:57:16 IST" skipped="0">
  <testcase classname="com.qa.testcase.ChangeTest" name="TestChange_Pass" time="14.699"/>
  <testcase classname="com.qa.testcase.ChangeTest" name="TestChange_Pass" time="19.159"/>
</testsuite> <!-- com.qa.testcase.ChangeTest -->
