<?xml version="1.0" encoding="UTF-8"?>
<!-- Generated by org.testng.reporters.JUnitReportReporter -->
<testsuite hostname="DESKTOP-AT2VVSP" failures="0" tests="2" name="com.qa.testcase.LoginWithDataProviderExcel" time="35.742" errors="0" timestamp="2026-02-11T15:11:03 IST" skipped="0">
  <testcase classname="com.qa.testcase.LoginWithDataProviderExcel" name="TestExcel" time="26.180"/>
  <testcase classname="com.qa.testcase.LoginWithDataProviderExcel" name="TestExcel" time="9.562"/>
</testsuite> <!-- com.qa.testcase.LoginWithDataProviderExcel -->
