<?xml version="1.0" encoding="UTF-8"?>
<!-- Generated by org.testng.reporters.JUnitReportReporter -->
<testsuite hostname="DESKTOP-AT2VVSP" failures="0" tests="2" name="com.qa.testcase.LoginWithDataProvider1" time="43.591" errors="0" timestamp="2026-02-10T23:46:36 IST" skipped="0">
  <testcase classname="com.qa.testcase.LoginWithDataProvider1" name="loginTest" time="31.586"/>
  <testcase classname="com.qa.testcase.LoginWithDataProvider1" name="loginTest" time="12.005"/>
</testsuite> <!-- com.qa.testcase.LoginWithDataProvider1 -->
